  源1.cpp
E:\ljk\源1.cpp(251,9): error C4996: 'MouseHit': This function is deprecated.
E:\ljk\源1.cpp(632,108): warning C4244: “参数”: 从“float”转换到“int”，可能丢失数据
E:\ljk\源1.cpp(633,14): warning C4305: “+=”: 从“double”到“float”截断
E:\ljk\源1.cpp(644,107): warning C4244: “参数”: 从“float”转换到“int”，可能丢失数据
E:\ljk\源1.cpp(645,14): warning C4305: “+=”: 从“double”到“float”截断
E:\ljk\源1.cpp(659,21): warning C4244: “参数”: 从“float”转换到“int”，可能丢失数据
E:\ljk\源1.cpp(659,13): warning C4244: “参数”: 从“float”转换到“int”，可能丢失数据
E:\ljk\源1.cpp(661,34): warning C4244: “参数”: 从“float”转换到“int”，可能丢失数据
E:\ljk\源1.cpp(661,21): warning C4244: “参数”: 从“float”转换到“int”，可能丢失数据
E:\ljk\源1.cpp(664,35): warning C4244: “参数”: 从“float”转换到“int”，可能丢失数据
E:\ljk\源1.cpp(664,21): warning C4244: “参数”: 从“float”转换到“int”，可能丢失数据
E:\ljk\源1.cpp(666,35): warning C4244: “参数”: 从“float”转换到“int”，可能丢失数据
E:\ljk\源1.cpp(666,21): warning C4244: “参数”: 从“float”转换到“int”，可能丢失数据
E:\ljk\源1.cpp(675,99): warning C4244: “参数”: 从“float”转换到“int”，可能丢失数据
E:\ljk\源1.cpp(676,34): warning C4305: “+=”: 从“double”到“float”截断
E:\ljk\源1.cpp(785,22): warning C4305: “=”: 从“double”到“float”截断
E:\ljk\源1.cpp(787,14): warning C4305: “=”: 从“double”到“float”截断
E:\ljk\源1.cpp(794,29): warning C4244: “=”: 从“int”转换到“float”，可能丢失数据
E:\ljk\源1.cpp(807,69): warning C4244: “参数”: 从“double”转换到“int”，可能丢失数据
E:\ljk\源1.cpp(808,48): warning C4244: “参数”: 从“double”转换到“int”，可能丢失数据
E:\ljk\源1.cpp(821,68): warning C4244: “参数”: 从“double”转换到“int”，可能丢失数据
E:\ljk\源1.cpp(822,48): warning C4244: “参数”: 从“double”转换到“int”，可能丢失数据
E:\ljk\源1.cpp(823,36): warning C4244: “参数”: 从“double”转换到“int”，可能丢失数据
E:\ljk\源1.cpp(824,23): warning C4244: “参数”: 从“double”转换到“int”，可能丢失数据
E:\ljk\源1.cpp(826,32): warning C4244: “参数”: 从“double”转换到“int”，可能丢失数据
E:\ljk\源1.cpp(836,23): warning C4305: “=”: 从“double”到“float”截断
E:\ljk\源1.cpp(986,35): warning C4305: “=”: 从“double”到“float”截断
E:\ljk\源1.cpp(992,32): warning C4305: “=”: 从“double”到“float”截断
E:\ljk\源1.cpp(995,31): warning C4305: “=”: 从“double”到“float”截断
E:\ljk\源1.cpp(996,39): warning C4305: “=”: 从“double”到“float”截断
E:\ljk\源1.cpp(1003,39): warning C4305: “=”: 从“double”到“float”截断
E:\ljk\源1.cpp(1005,35): warning C4305: “=”: 从“double”到“float”截断
E:\ljk\源1.cpp(1006,32): warning C4305: “=”: 从“double”到“float”截断
E:\ljk\源1.cpp(1042,35): warning C4305: “=”: 从“double”到“float”截断
E:\ljk\源1.cpp(1048,32): warning C4305: “=”: 从“double”到“float”截断
E:\ljk\源1.cpp(1051,31): warning C4305: “=”: 从“double”到“float”截断
E:\ljk\源1.cpp(1052,39): warning C4305: “=”: 从“double”到“float”截断
E:\ljk\源1.cpp(1102,31): warning C4305: “=”: 从“double”到“float”截断
E:\ljk\源1.cpp(1105,30): warning C4305: “=”: 从“double”到“float”截断
E:\ljk\源1.cpp(1106,38): warning C4305: “=”: 从“double”到“float”截断
E:\ljk\源1.cpp(1169,42): warning C4305: “参数”: 从“double”到“float”截断
E:\ljk\源1.cpp(1188,37): warning C4305: “=”: 从“double”到“float”截断
E:\ljk\源1.cpp(1192,38): warning C4305: “=”: 从“double”到“float”截断
E:\ljk\源1.cpp(1224,50): warning C4244: “参数”: 从“float”转换到“int”，可能丢失数据
E:\ljk\源1.cpp(1224,30): warning C4244: “参数”: 从“float”转换到“int”，可能丢失数据
E:\ljk\源1.cpp(1225,50): warning C4244: “参数”: 从“float”转换到“int”，可能丢失数据
E:\ljk\源1.cpp(1225,30): warning C4244: “参数”: 从“float”转换到“int”，可能丢失数据
E:\ljk\源1.cpp(1262,64): warning C4244: “参数”: 从“float”转换到“int”，可能丢失数据
E:\ljk\源1.cpp(1262,40): warning C4244: “参数”: 从“float”转换到“int”，可能丢失数据
E:\ljk\源1.cpp(1270,38): warning C4244: “=”: 从“int”转换到“float”，可能丢失数据
E:\ljk\源1.cpp(1271,40): warning C4244: “=”: 从“int”转换到“float”，可能丢失数据
E:\ljk\源1.cpp(1356,27): warning C4305: “初始化”: 从“double”到“float”截断
E:\ljk\源1.cpp(1357,62): warning C4244: “参数”: 从“float”转换到“int”，可能丢失数据
E:\ljk\源1.cpp(1357,24): warning C4244: “参数”: 从“float”转换到“int”，可能丢失数据
E:\ljk\源1.cpp(1357,16): warning C4244: “参数”: 从“float”转换到“int”，可能丢失数据
E:\ljk\源1.cpp(1359,33): warning C4305: “=”: 从“double”到“float”截断
E:\ljk\源1.cpp(1360,37): warning C4305: “=”: 从“double”到“float”截断
E:\ljk\源1.cpp(1366,32): warning C4244: “参数”: 从“float”转换到“int”，可能丢失数据
E:\ljk\源1.cpp(1366,21): warning C4244: “参数”: 从“float”转换到“int”，可能丢失数据
E:\ljk\源1.cpp(1374,32): warning C4244: “参数”: 从“float”转换到“int”，可能丢失数据
E:\ljk\源1.cpp(1374,21): warning C4244: “参数”: 从“float”转换到“int”，可能丢失数据
E:\ljk\源1.cpp(1379,32): warning C4244: “参数”: 从“float”转换到“int”，可能丢失数据
E:\ljk\源1.cpp(1379,21): warning C4244: “参数”: 从“float”转换到“int”，可能丢失数据
E:\ljk\源1.cpp(1382,129): warning C4244: “参数”: 从“float”转换到“int”，可能丢失数据
E:\ljk\源1.cpp(1382,89): warning C4244: “参数”: 从“float”转换到“int”，可能丢失数据
E:\ljk\源1.cpp(1383,68): warning C4244: “参数”: 从“float”转换到“int”，可能丢失数据
E:\ljk\源1.cpp(1383,44): warning C4244: “参数”: 从“float”转换到“int”，可能丢失数据
E:\ljk\源1.cpp(1386,68): warning C4244: “参数”: 从“float”转换到“int”，可能丢失数据
E:\ljk\源1.cpp(1386,44): warning C4244: “参数”: 从“float”转换到“int”，可能丢失数据
E:\ljk\源1.cpp(1387,48): warning C4244: “参数”: 从“float”转换到“int”，可能丢失数据
E:\ljk\源1.cpp(1387,24): warning C4244: “参数”: 从“float”转换到“int”，可能丢失数据
E:\ljk\源1.cpp(1390,68): warning C4244: “参数”: 从“float”转换到“int”，可能丢失数据
E:\ljk\源1.cpp(1390,44): warning C4244: “参数”: 从“float”转换到“int”，可能丢失数据
E:\ljk\源1.cpp(1391,48): warning C4244: “参数”: 从“float”转换到“int”，可能丢失数据
E:\ljk\源1.cpp(1391,24): warning C4244: “参数”: 从“float”转换到“int”，可能丢失数据
E:\ljk\源1.cpp(1395,77): warning C4244: “参数”: 从“float”转换到“int”，可能丢失数据
E:\ljk\源1.cpp(1395,37): warning C4244: “参数”: 从“float”转换到“int”，可能丢失数据
E:\ljk\源1.cpp(1396,59): warning C4244: “参数”: 从“float”转换到“int”，可能丢失数据
E:\ljk\源1.cpp(1396,19): warning C4244: “参数”: 从“float”转换到“int”，可能丢失数据
E:\ljk\源1.cpp(1401,55): warning C4244: “参数”: 从“float”转换到“int”，可能丢失数据
E:\ljk\源1.cpp(1401,15): warning C4244: “参数”: 从“float”转换到“int”，可能丢失数据
E:\ljk\源1.cpp(1402,59): warning C4244: “参数”: 从“float”转换到“int”，可能丢失数据
E:\ljk\源1.cpp(1402,19): warning C4244: “参数”: 从“float”转换到“int”，可能丢失数据
E:\ljk\源1.cpp(1405,59): warning C4244: “参数”: 从“float”转换到“int”，可能丢失数据
E:\ljk\源1.cpp(1405,18): warning C4244: “参数”: 从“float”转换到“int”，可能丢失数据
E:\ljk\源1.cpp(1409,101): warning C4244: “参数”: 从“float”转换到“int”，可能丢失数据
E:\ljk\源1.cpp(1409,60): warning C4244: “参数”: 从“float”转换到“int”，可能丢失数据
E:\ljk\源1.cpp(1410,65): warning C4244: “参数”: 从“float”转换到“int”，可能丢失数据
E:\ljk\源1.cpp(1410,24): warning C4244: “参数”: 从“float”转换到“int”，可能丢失数据
E:\ljk\源1.cpp(1413,102): warning C4244: “参数”: 从“float”转换到“int”，可能丢失数据
E:\ljk\源1.cpp(1413,61): warning C4244: “参数”: 从“float”转换到“int”，可能丢失数据
E:\ljk\源1.cpp(1414,65): warning C4244: “参数”: 从“float”转换到“int”，可能丢失数据
E:\ljk\源1.cpp(1414,24): warning C4244: “参数”: 从“float”转换到“int”，可能丢失数据
E:\ljk\源1.cpp(1421,46): warning C4244: “参数”: 从“float”转换到“int”，可能丢失数据
E:\ljk\源1.cpp(1421,28): warning C4244: “参数”: 从“float”转换到“int”，可能丢失数据
E:\ljk\源1.cpp(1422,46): warning C4244: “参数”: 从“float”转换到“int”，可能丢失数据
E:\ljk\源1.cpp(1422,28): warning C4244: “参数”: 从“float”转换到“int”，可能丢失数据
E:\ljk\源1.cpp(1425,46): warning C4244: “参数”: 从“float”转换到“int”，可能丢失数据
E:\ljk\源1.cpp(1425,28): warning C4244: “参数”: 从“float”转换到“int”，可能丢失数据
E:\ljk\源1.cpp(1426,46): warning C4244: “参数”: 从“float”转换到“int”，可能丢失数据
E:\ljk\源1.cpp(1426,28): warning C4244: “参数”: 从“float”转换到“int”，可能丢失数据
E:\ljk\源1.cpp(1436,36): warning C4305: “参数”: 从“double”到“float”截断
E:\ljk\源1.cpp(1442,38): warning C4244: “参数”: 从“float”转换到“int”，可能丢失数据
E:\ljk\源1.cpp(1442,24): warning C4244: “参数”: 从“float”转换到“int”，可能丢失数据
E:\ljk\源1.cpp(1443,31): warning C4244: “参数”: 从“float”转换到“int”，可能丢失数据
E:\ljk\源1.cpp(1443,21): warning C4244: “参数”: 从“float”转换到“int”，可能丢失数据
E:\ljk\源1.cpp(1448,38): warning C4305: “参数”: 从“double”到“float”截断
E:\ljk\源1.cpp(1465,22): warning C4244: “参数”: 从“float”转换到“int”，可能丢失数据
E:\ljk\源1.cpp(1465,14): warning C4244: “参数”: 从“float”转换到“int”，可能丢失数据
E:\ljk\源1.cpp(1469,47): warning C4244: “参数”: 从“float”转换到“int”，可能丢失数据
E:\ljk\源1.cpp(919,2): error C4996: 'itoa': The POSIX name for this item is deprecated. Instead, use the ISO C and C++ conformant name: _itoa. See online help for details.
E:\ljk\源1.cpp(1501,7): error C4996: 'strcat': This function or variable may be unsafe. Consider using strcat_s instead. To disable deprecation, use _CRT_SECURE_NO_WARNINGS. See online help for details.
E:\ljk\源1.cpp(1502,7): error C4996: 'strcat': This function or variable may be unsafe. Consider using strcat_s instead. To disable deprecation, use _CRT_SECURE_NO_WARNINGS. See online help for details.
E:\ljk\源1.cpp(1503,7): error C4996: 'strcat': This function or variable may be unsafe. Consider using strcat_s instead. To disable deprecation, use _CRT_SECURE_NO_WARNINGS. See online help for details.
E:\ljk\源1.cpp(1508,37): warning C4244: “=”: 从“int”转换到“float”，可能丢失数据
E:\ljk\源1.cpp(1509,37): warning C4244: “=”: 从“int”转换到“float”，可能丢失数据
E:\ljk\源1.cpp(1527,7): error C4996: 'strcat': This function or variable may be unsafe. Consider using strcat_s instead. To disable deprecation, use _CRT_SECURE_NO_WARNINGS. See online help for details.
E:\ljk\源1.cpp(1528,7): error C4996: 'strcat': This function or variable may be unsafe. Consider using strcat_s instead. To disable deprecation, use _CRT_SECURE_NO_WARNINGS. See online help for details.
E:\ljk\源1.cpp(1529,7): error C4996: 'strcat': This function or variable may be unsafe. Consider using strcat_s instead. To disable deprecation, use _CRT_SECURE_NO_WARNINGS. See online help for details.
E:\ljk\源1.cpp(1534,41): warning C4244: “=”: 从“int”转换到“float”，可能丢失数据
E:\ljk\源1.cpp(1535,41): warning C4244: “=”: 从“int”转换到“float”，可能丢失数据
E:\ljk\源1.cpp(1553,7): error C4996: 'strcat': This function or variable may be unsafe. Consider using strcat_s instead. To disable deprecation, use _CRT_SECURE_NO_WARNINGS. See online help for details.
E:\ljk\源1.cpp(1554,7): error C4996: 'strcat': This function or variable may be unsafe. Consider using strcat_s instead. To disable deprecation, use _CRT_SECURE_NO_WARNINGS. See online help for details.
E:\ljk\源1.cpp(1555,7): error C4996: 'strcat': This function or variable may be unsafe. Consider using strcat_s instead. To disable deprecation, use _CRT_SECURE_NO_WARNINGS. See online help for details.
E:\ljk\源1.cpp(1560,41): warning C4244: “=”: 从“int”转换到“float”，可能丢失数据
E:\ljk\源1.cpp(1561,41): warning C4244: “=”: 从“int”转换到“float”，可能丢失数据
E:\ljk\源1.cpp(1587,8): error C4996: 'strcat': This function or variable may be unsafe. Consider using strcat_s instead. To disable deprecation, use _CRT_SECURE_NO_WARNINGS. See online help for details.
E:\ljk\源1.cpp(1588,8): error C4996: 'strcat': This function or variable may be unsafe. Consider using strcat_s instead. To disable deprecation, use _CRT_SECURE_NO_WARNINGS. See online help for details.
E:\ljk\源1.cpp(1589,8): error C4996: 'strcat': This function or variable may be unsafe. Consider using strcat_s instead. To disable deprecation, use _CRT_SECURE_NO_WARNINGS. See online help for details.
E:\ljk\源1.cpp(1620,44): warning C4244: “=”: 从“int”转换到“float”，可能丢失数据
E:\ljk\源1.cpp(1621,44): warning C4244: “=”: 从“int”转换到“float”，可能丢失数据
E:\ljk\源1.cpp(1635,49): warning C4244: “=”: 从“int”转换到“float”，可能丢失数据
E:\ljk\源1.cpp(1636,49): warning C4244: “=”: 从“int”转换到“float”，可能丢失数据
E:\ljk\源1.cpp(1494,7): error C4996: 'itoa': The POSIX name for this item is deprecated. Instead, use the ISO C and C++ conformant name: _itoa. See online help for details.
E:\ljk\源1.cpp(1520,7): error C4996: 'itoa': The POSIX name for this item is deprecated. Instead, use the ISO C and C++ conformant name: _itoa. See online help for details.
E:\ljk\源1.cpp(1546,7): error C4996: 'itoa': The POSIX name for this item is deprecated. Instead, use the ISO C and C++ conformant name: _itoa. See online help for details.
E:\ljk\源1.cpp(1580,8): error C4996: 'itoa': The POSIX name for this item is deprecated. Instead, use the ISO C and C++ conformant name: _itoa. See online help for details.
E:\ljk\源1.cpp(1699,21): warning C4305: “=”: 从“double”到“float”截断
E:\ljk\源1.cpp(1701,28): warning C4305: “=”: 从“double”到“float”截断
E:\ljk\源1.cpp(1707,28): warning C4305: “=”: 从“double”到“float”截断
E:\ljk\源1.cpp(1714,26): warning C4305: “=”: 从“double”到“float”截断
E:\ljk\源1.cpp(1947,10): warning C4244: “=”: 从“int”转换到“float”，可能丢失数据
E:\ljk\源1.cpp(1948,10): warning C4244: “=”: 从“int”转换到“float”，可能丢失数据
E:\ljk\源1.cpp(2151,35): warning C4305: “=”: 从“double”到“float”截断
E:\ljk\源1.cpp(2157,34): warning C4305: “=”: 从“double”到“float”截断
E:\ljk\源1.cpp(2163,34): warning C4305: “=”: 从“double”到“float”截断
E:\ljk\源1.cpp(2173,35): warning C4305: “=”: 从“double”到“float”截断
E:\ljk\源1.cpp(2179,35): warning C4305: “=”: 从“double”到“float”截断
E:\ljk\源1.cpp(2185,34): warning C4305: “=”: 从“double”到“float”截断
E:\ljk\源1.cpp(2255,29): warning C4244: “=”: 从“int”转换到“float”，可能丢失数据
E:\ljk\源1.cpp(2256,29): warning C4244: “=”: 从“int”转换到“float”，可能丢失数据
E:\ljk\源1.cpp(2298,31): warning C4244: “=”: 从“int”转换到“float”，可能丢失数据
E:\ljk\源1.cpp(2299,29): warning C4244: “=”: 从“int”转换到“float”，可能丢失数据
E:\ljk\源1.cpp(2319,20): warning C4244: “参数”: 从“float”转换到“int”，可能丢失数据
E:\ljk\源1.cpp(2319,13): warning C4244: “参数”: 从“float”转换到“int”，可能丢失数据
E:\ljk\源1.cpp(2336,95): warning C4244: “参数”: 从“float”转换到“int”，可能丢失数据
E:\ljk\源1.cpp(2336,53): warning C4244: “参数”: 从“float”转换到“int”，可能丢失数据
E:\ljk\源1.cpp(2337,76): warning C4244: “参数”: 从“float”转换到“int”，可能丢失数据
E:\ljk\源1.cpp(2337,34): warning C4244: “参数”: 从“float”转换到“int”，可能丢失数据
E:\ljk\源1.cpp(2338,39): warning C4244: “参数”: 从“float”转换到“int”，可能丢失数据
E:\ljk\源1.cpp(2338,24): warning C4244: “参数”: 从“float”转换到“int”，可能丢失数据
E:\ljk\源1.cpp(2339,39): warning C4244: “参数”: 从“float”转换到“int”，可能丢失数据
E:\ljk\源1.cpp(2339,24): warning C4244: “参数”: 从“float”转换到“int”，可能丢失数据
E:\ljk\源1.cpp(2406,32): warning C4244: “=”: 从“int”转换到“float”，可能丢失数据
E:\ljk\源1.cpp(2416,26): warning C4305: “=”: 从“double”到“float”截断
E:\ljk\源1.cpp(2417,25): warning C4305: “=”: 从“double”到“float”截断
E:\ljk\源1.cpp(2418,25): warning C4305: “=”: 从“double”到“float”截断
E:\ljk\源1.cpp(2419,25): warning C4305: “=”: 从“double”到“float”截断
E:\ljk\源1.cpp(2420,25): warning C4305: “=”: 从“double”到“float”截断
E:\ljk\源1.cpp(2461,21): warning C4305: “=”: 从“double”到“float”截断
E:\ljk\源1.cpp(2463,28): warning C4305: “=”: 从“double”到“float”截断
E:\ljk\源1.cpp(2470,28): warning C4305: “=”: 从“double”到“float”截断
E:\ljk\源1.cpp(2476,21): warning C4305: “=”: 从“double”到“float”截断
E:\ljk\源1.cpp(2477,28): warning C4305: “=”: 从“double”到“float”截断
E:\ljk\源1.cpp(2492,28): warning C4305: “=”: 从“double”到“float”截断
E:\ljk\源1.cpp(2493,28): warning C4305: “=”: 从“double”到“float”截断
E:\ljk\源1.cpp(2500,21): warning C4305: “=”: 从“double”到“float”截断
E:\ljk\源1.cpp(2504,28): warning C4305: “=”: 从“double”到“float”截断
E:\ljk\源1.cpp(2505,28): warning C4305: “=”: 从“double”到“float”截断
E:\ljk\源1.cpp(2523,28): warning C4305: “=”: 从“double”到“float”截断
E:\ljk\源1.cpp(2524,28): warning C4305: “=”: 从“double”到“float”截断
E:\ljk\源1.cpp(2541,21): warning C4305: “=”: 从“double”到“float”截断
E:\ljk\源1.cpp(2550,28): warning C4305: “=”: 从“double”到“float”截断
E:\ljk\源1.cpp(2551,27): warning C4305: “=”: 从“double”到“float”截断
E:\ljk\源1.cpp(2552,28): warning C4305: “=”: 从“double”到“float”截断
E:\ljk\源1.cpp(2553,28): warning C4305: “=”: 从“double”到“float”截断
E:\ljk\源1.cpp(2554,28): warning C4305: “=”: 从“double”到“float”截断
E:\ljk\源1.cpp(2652,21): warning C4244: “参数”: 从“double”转换到“int”，可能丢失数据
E:\ljk\源1.cpp(2653,21): warning C4244: “参数”: 从“double”转换到“int”，可能丢失数据
E:\ljk\源1.cpp(2654,33): warning C4244: “参数”: 从“double”转换到“int”，可能丢失数据
E:\ljk\源1.cpp(2655,33): warning C4244: “参数”: 从“double”转换到“int”，可能丢失数据
E:\ljk\源1.cpp(2669,3): error C4996: 'itoa': The POSIX name for this item is deprecated. Instead, use the ISO C and C++ conformant name: _itoa. See online help for details.
E:\ljk\源1.cpp(2751,16): warning C4244: “=”: 从“int”转换到“float”，可能丢失数据
E:\ljk\源1.cpp(2800,22): warning C4244: “参数”: 从“float”转换到“int”，可能丢失数据
E:\ljk\源1.cpp(2800,14): warning C4244: “参数”: 从“float”转换到“int”，可能丢失数据
E:\ljk\源1.cpp(2801,22): warning C4244: “参数”: 从“float”转换到“int”，可能丢失数据
E:\ljk\源1.cpp(2801,14): warning C4244: “参数”: 从“float”转换到“int”，可能丢失数据
E:\ljk\源1.cpp(2885,16): warning C4018: “<”: 有符号/无符号不匹配
E:\ljk\源1.cpp(2865,2): error C4996: 'strncpy': This function or variable may be unsafe. Consider using strncpy_s instead. To disable deprecation, use _CRT_SECURE_NO_WARNINGS. See online help for details.
E:\ljk\源1.cpp(2870,2): error C4996: 'strncpy': This function or variable may be unsafe. Consider using strncpy_s instead. To disable deprecation, use _CRT_SECURE_NO_WARNINGS. See online help for details.
E:\ljk\源1.cpp(2863,15): warning C4101: “l”: 未引用的局部变量
E:\ljk\源1.cpp(2925,2): error C4996: 'strcpy': This function or variable may be unsafe. Consider using strcpy_s instead. To disable deprecation, use _CRT_SECURE_NO_WARNINGS. See online help for details.
E:\ljk\源1.cpp(2956,5): error C4996: 'strcpy': This function or variable may be unsafe. Consider using strcpy_s instead. To disable deprecation, use _CRT_SECURE_NO_WARNINGS. See online help for details.
E:\ljk\源1.cpp(2960,5): error C4996: 'strcpy': This function or variable may be unsafe. Consider using strcpy_s instead. To disable deprecation, use _CRT_SECURE_NO_WARNINGS. See online help for details.
E:\ljk\源1.cpp(3001,4): warning C4551: 缺少参数列表的函数调用
E:\ljk\源1.cpp(3053,9): error C4996: 'strcpy': This function or variable may be unsafe. Consider using strcpy_s instead. To disable deprecation, use _CRT_SECURE_NO_WARNINGS. See online help for details.
E:\ljk\源1.cpp(3058,30): warning C4305: “+=”: 从“double”到“float”截断
E:\ljk\源1.cpp(3106,2): error C4996: 'setfont': This function is deprecated. Instead, use this new function: settextstyle. See https://docs.easyx.cn/settextstyle for details.
E:\ljk\源1.cpp(3129,3): error C4996: 'setfont': This function is deprecated. Instead, use this new function: settextstyle. See https://docs.easyx.cn/settextstyle for details.
E:\ljk\源1.cpp(3108,12): warning C4101: “k”: 未引用的局部变量
E:\ljk\源1.cpp(3243,25): warning C4244: “=”: 从“int”转换到“float”，可能丢失数据
E:\ljk\源1.cpp(3244,25): warning C4244: “=”: 从“int”转换到“float”，可能丢失数据
E:\ljk\源1.cpp(3248,28): warning C4244: “=”: 从“double”转换到“float”，可能丢失数据
E:\ljk\源1.cpp(3286,16): warning C4244: “初始化”: 从“double”转换到“float”，可能丢失数据
E:\ljk\源1.cpp(3291,19): warning C4244: “初始化”: 从“double”转换到“float”，可能丢失数据
E:\ljk\源1.cpp(3296,16): warning C4244: “初始化”: 从“double”转换到“float”，可能丢失数据
E:\ljk\源1.cpp(3238,9): warning C4101: “j”: 未引用的局部变量
